\BOOKMARK [0][-]{chapter*.2}{\376\377\000A\000c\000k\000n\000o\000w\000l\000e\000d\000g\000m\000e\000n\000t\000s}{}% 1
\BOOKMARK [0][-]{chapter*.3}{\376\377\000A\000b\000s\000t\000r\000a\000c\000t}{}% 2
\BOOKMARK [0][-]{chapter*.4}{\376\377\000\326\000z\000e\000t}{}% 3
\BOOKMARK [0][-]{chapter*.5}{\376\377\000L\000i\000s\000t\000s\000\040\000o\000f\000\040\000s\000y\000m\000b\000o\000l\000s\000\040\000a\000n\000d\000\040\000a\000b\000b\000r\000e\000v\000i\000a\000t\000i\000o\000n\000s}{}% 4
\BOOKMARK [1][-]{section*.6}{\376\377\000L\000i\000s\000t\000\040\000o\000f\000\040\000s\000y\000m\000b\000o\000l\000s}{chapter*.5}% 5
\BOOKMARK [1][-]{section*.8}{\376\377\000L\000i\000s\000t\000\040\000o\000f\000\040\000a\000b\000b\000r\000e\000v\000i\000a\000t\000i\000o\000n\000s}{chapter*.5}% 6
\BOOKMARK [0][-]{chapter.1}{\376\377\000I\000n\000t\000r\000o\000d\000u\000c\000t\000i\000o\000n}{}% 7
\BOOKMARK [0][-]{chapter.2}{\376\377\000L\000i\000n\000e\000a\000r\000\040\000p\000a\000r\000a\000m\000e\000t\000e\000r\000\040\000v\000a\000r\000y\000i\000n\000g\000\040\000m\000o\000d\000e\000l\000i\000n\000g\000\040\000a\000n\000d\000\040\000s\000t\000a\000b\000i\000l\000i\000t\000y}{}% 8
\BOOKMARK [1][-]{section.2.1}{\376\377\000I\000n\000t\000r\000o\000d\000u\000c\000t\000i\000o\000n}{chapter.2}% 9
\BOOKMARK [1][-]{section.2.2}{\376\377\000S\000y\000s\000t\000e\000m\000\040\000c\000l\000a\000s\000s\000i\000f\000i\000c\000a\000t\000i\000o\000n}{chapter.2}% 10
\BOOKMARK [1][-]{section.2.3}{\376\377\000S\000y\000s\000t\000e\000m\000\040\000r\000e\000p\000r\000e\000s\000e\000n\000t\000a\000t\000i\000o\000n}{chapter.2}% 11
\BOOKMARK [2][-]{subsection.2.3.1}{\376\377\000S\000t\000a\000t\000e\000\040\000s\000p\000a\000c\000e\000\040\000r\000e\000p\000r\000e\000s\000e\000n\000t\000a\000t\000i\000o\000n}{section.2.3}% 12
\BOOKMARK [1][-]{section.2.4}{\376\377\000L\000i\000n\000e\000a\000r\000\040\000t\000i\000m\000e\000-\000i\000n\000v\000a\000r\000i\000a\000n\000t\000\040\000s\000y\000s\000t\000e\000m\000s}{chapter.2}% 13
\BOOKMARK [1][-]{section.2.5}{\376\377\000L\000i\000n\000e\000a\000r\000\040\000t\000i\000m\000e\000-\000v\000a\000r\000y\000i\000n\000g\000\040\000s\000y\000s\000t\000e\000m\000s}{chapter.2}% 14
\BOOKMARK [1][-]{section.2.6}{\376\377\000L\000i\000n\000e\000a\000r\000\040\000p\000a\000r\000a\000m\000e\000t\000e\000r\000-\000v\000a\000r\000y\000i\000n\000g\000\040\000s\000y\000s\000t\000e\000m\000s}{chapter.2}% 15
\BOOKMARK [0][-]{chapter.3}{\376\377\000E\000P\000A\000S\000\040\000L\000P\000V\000\040\000m\000o\000d\000e\000l}{}% 16
\BOOKMARK [1][-]{section.3.1}{\376\377\000I\000n\000t\000r\000o\000d\000u\000c\000t\000i\000o\000n}{chapter.3}% 17
\BOOKMARK [1][-]{section.3.2}{\376\377\000S\000y\000s\000t\000e\000m\000\040\000o\000v\000e\000r\000v\000i\000e\000w}{chapter.3}% 18
\BOOKMARK [1][-]{section.3.3}{\376\377\000M\000o\000d\000e\000l\000\040\000r\000e\000d\000u\000c\000t\000i\000o\000n}{chapter.3}% 19
\BOOKMARK [0][-]{chapter.4}{\376\377\000A\000f\000f\000i\000n\000e\000\040\000L\000y\000a\000p\000u\000n\000o\000v\000\040\000f\000u\000n\000c\000t\000i\000o\000n\000\040\000c\000a\000n\000d\000i\000d\000a\000t\000e\000s\000\040\000f\000o\000r\000\040\000t\000h\000e\000\040\000E\000P\000A\000S\000\040\000L\000P\000V\000\040\000m\000o\000d\000e\000l}{}% 20
\BOOKMARK [0][-]{chapter.5}{\376\377\000A\000n\000a\000l\000y\000s\000i\000s\000\040\000o\000f\000\040\000t\000h\000e\000\040\000q\000u\000a\000d\000r\000a\000t\000i\000c\000\040\000s\000t\000a\000b\000i\000l\000i\000t\000y\000\040\000r\000e\000g\000i\000o\000n\000s\000\040\000o\000f\000\040\000t\000h\000e\000\040\000E\000P\000A\000S\000\040\000L\000P\000V\000\040\000m\000o\000d\000e\000l}{}% 21
\BOOKMARK [0][-]{chapter.6}{\376\377\000C\000o\000n\000c\000l\000u\000s\000i\000o\000n}{}% 22
\BOOKMARK [0][-]{chapter*.12}{\376\377\000L\000i\000s\000t\000\040\000o\000f\000\040\000F\000i\000g\000u\000r\000e\000s}{}% 23
\BOOKMARK [0][-]{chapter*.13}{\376\377\000L\000i\000s\000t\000\040\000o\000f\000\040\000T\000a\000b\000l\000e\000s}{}% 24
\BOOKMARK [0][-]{appendix*.14}{\376\377\000A\000p\000p\000e\000n\000d\000i\000x}{}% 25
\BOOKMARK [1][-]{section.A.1}{\376\377\000N\000o\000r\000m\000s\000\040\000o\000n\000\040\000m\000a\000t\000r\000i\000c\000e\000s\000,\000\040\000s\000i\000g\000n\000a\000l\000s\000\040\000a\000n\000d\000\040\000s\000y\000s\000t\000e\000m\000s}{appendix*.14}% 26
\BOOKMARK [2][-]{subsection.A.1.1}{\376\377\000M\000a\000t\000r\000i\000x\000\040\000n\000o\000r\000m\000s}{section.A.1}% 27
\BOOKMARK [2][-]{subsection.A.1.2}{\376\377\000S\000i\000g\000n\000a\000l\000\040\000n\000o\000r\000m\000s}{section.A.1}% 28
\BOOKMARK [2][-]{subsection.A.1.3}{\376\377\000S\000y\000s\000t\000e\000m\000\040\000n\000o\000r\000m\000s}{section.A.1}% 29
\BOOKMARK [1][-]{section.A.2}{\376\377\000A\000\040\000T\000e\000X\000s\000t\000u\000d\000i\000o\000\040\000f\000e\000l\000\374\000l\000e\000t\000e}{appendix*.14}% 30
\BOOKMARK [0][-]{figure.caption.15}{\376\377\000B\000i\000b\000l\000i\000o\000g\000r\000a\000p\000h\000y}{}% 31
