This is pdfTeX, Version 3.14159265-2.6-1.40.21 (MiKTeX 21.1) (preloaded format=pdflatex 2023.2.13)  13 MAR 2023 12:09
entering extended mode
**./thesis.tex
(thesis.tex
LaTeX2e <2020-10-01> patch level 4
L3 programming layer <2021-01-09> xparse <2020-03-03>
(C:\Users\turker.erbasi\AppData\Local\Programs\MiKTeX\tex/latex/base\report.cls
Document Class: report 2020/04/10 v1.4m Standard LaTeX document class

(C:\Users\turker.erbasi\AppData\Local\Programs\MiKTeX\tex/latex/base\size11.clo
File: size11.clo 2020/04/10 v1.4m Standard LaTeX file (size option)
)
\c@part=\count177
\c@chapter=\count178
\c@section=\count179
\c@subsection=\count180
\c@subsubsection=\count181
\c@paragraph=\count182
\c@subparagraph=\count183
\c@figure=\count184
\c@table=\count185
\abovecaptionskip=\skip47
\belowcaptionskip=\skip48
\bibindent=\dimen138
) (include/packages.tex
(C:\Users\turker.erbasi\AppData\Local\Programs\MiKTeX\tex/generic/iftex\ifxetex
.sty
Package: ifxetex 2019/10/25 v0.7 ifxetex legacy package. Use iftex instead.

(C:\Users\turker.erbasi\AppData\Local\Programs\MiKTeX\tex/generic/iftex\iftex.s
ty
Package: iftex 2020/03/06 v1.0d TeX engine tests
))
(C:\Users\turker.erbasi\AppData\Local\Programs\MiKTeX\tex/generic/iftex\ifluate
x.sty
Package: ifluatex 2019/10/25 v1.5 ifluatex legacy package. Use iftex instead.
)
(C:\Users\turker.erbasi\AppData\Local\Programs\MiKTeX\tex/latex/base\fontenc.st
y
Package: fontenc 2020/08/10 v2.0s Standard LaTeX package
)
(C:\Users\turker.erbasi\AppData\Local\Programs\MiKTeX\tex/latex/base\inputenc.s
ty
Package: inputenc 2020/08/01 v1.3d Input encoding file
\inpenc@prehook=\toks15
\inpenc@posthook=\toks16
)
(C:\Users\turker.erbasi\AppData\Local\Programs\MiKTeX\tex/latex/lm\lmodern.sty
Package: lmodern 2009/10/30 v1.6 Latin Modern Fonts
LaTeX Font Info:    Overwriting symbol font `operators' in version `normal'
(Font)                  OT1/cmr/m/n --> OT1/lmr/m/n on input line 22.
LaTeX Font Info:    Overwriting symbol font `letters' in version `normal'
(Font)                  OML/cmm/m/it --> OML/lmm/m/it on input line 23.
LaTeX Font Info:    Overwriting symbol font `symbols' in version `normal'
(Font)                  OMS/cmsy/m/n --> OMS/lmsy/m/n on input line 24.
LaTeX Font Info:    Overwriting symbol font `largesymbols' in version `normal'
(Font)                  OMX/cmex/m/n --> OMX/lmex/m/n on input line 25.
LaTeX Font Info:    Overwriting symbol font `operators' in version `bold'
(Font)                  OT1/cmr/bx/n --> OT1/lmr/bx/n on input line 26.
LaTeX Font Info:    Overwriting symbol font `letters' in version `bold'
(Font)                  OML/cmm/b/it --> OML/lmm/b/it on input line 27.
LaTeX Font Info:    Overwriting symbol font `symbols' in version `bold'
(Font)                  OMS/cmsy/b/n --> OMS/lmsy/b/n on input line 28.
LaTeX Font Info:    Overwriting symbol font `largesymbols' in version `bold'
(Font)                  OMX/cmex/m/n --> OMX/lmex/m/n on input line 29.
LaTeX Font Info:    Overwriting math alphabet `\mathbf' in version `normal'
(Font)                  OT1/cmr/bx/n --> OT1/lmr/bx/n on input line 31.
LaTeX Font Info:    Overwriting math alphabet `\mathsf' in version `normal'
(Font)                  OT1/cmss/m/n --> OT1/lmss/m/n on input line 32.
LaTeX Font Info:    Overwriting math alphabet `\mathit' in version `normal'
(Font)                  OT1/cmr/m/it --> OT1/lmr/m/it on input line 33.
LaTeX Font Info:    Overwriting math alphabet `\mathtt' in version `normal'
(Font)                  OT1/cmtt/m/n --> OT1/lmtt/m/n on input line 34.
LaTeX Font Info:    Overwriting math alphabet `\mathbf' in version `bold'
(Font)                  OT1/cmr/bx/n --> OT1/lmr/bx/n on input line 35.
LaTeX Font Info:    Overwriting math alphabet `\mathsf' in version `bold'
(Font)                  OT1/cmss/bx/n --> OT1/lmss/bx/n on input line 36.
LaTeX Font Info:    Overwriting math alphabet `\mathit' in version `bold'
(Font)                  OT1/cmr/bx/it --> OT1/lmr/bx/it on input line 37.
LaTeX Font Info:    Overwriting math alphabet `\mathtt' in version `bold'
(Font)                  OT1/cmtt/m/n --> OT1/lmtt/m/n on input line 38.
)
(C:\Users\turker.erbasi\AppData\Local\Programs\MiKTeX\tex/generic/babel\babel.s
ty
Package: babel 2020/12/16 3.52 The Babel package

(C:\Users\turker.erbasi\AppData\Local\Programs\MiKTeX\tex/generic/babel\babel.d
ef
File: babel.def 2020/12/16 3.52 Babel common definitions
\babel@savecnt=\count186
\U@D=\dimen139
\l@babelnohyphens=\language79

(C:\Users\turker.erbasi\AppData\Local\Programs\MiKTeX\tex/generic/babel\txtbabe
l.def)
\bbl@readstream=\read2
)
\bbl@dirlevel=\count187

*************************************
* Local config file bblopts.cfg used
*

(C:\Users\turker.erbasi\AppData\Local\Programs\MiKTeX\tex/latex/arabi\bblopts.c
fg
File: bblopts.cfg 2005/09/08 v0.1 add Arabic and Farsi to "declared" options of
 babel
)
(C:\Users\turker.erbasi\AppData\Local\Programs\MiKTeX\tex/latex/babel-english\e
nglish.ldf
Language: english 2017/06/06 v3.3r English support from the babel system
Package babel Info: \l@canadian = using hyphenrules for english
(babel)             (\language0) on input line 102.
Package babel Info: \l@australian = using hyphenrules for ukenglish
(babel)             (\language73) on input line 105.
Package babel Info: \l@newzealand = using hyphenrules for ukenglish
(babel)             (\language73) on input line 108.
) (magyar.ldf
Language: magyar 2015/11/24 v1.5c Magyar support from the babel v3.7 system
Package babel Info: Making ` an active character on input line 2735.
\c@footnote@add=\count188
\c@footnote@ch=\count189
))
(C:\Users\turker.erbasi\AppData\Local\Programs\MiKTeX\tex/latex/amsfonts\amsfon
ts.sty
Package: amsfonts 2013/01/14 v3.01 Basic AMSFonts support
\@emptytoks=\toks17
\symAMSa=\mathgroup4
\symAMSb=\mathgroup5
LaTeX Font Info:    Redeclaring math symbol \hbar on input line 98.
LaTeX Font Info:    Overwriting math alphabet `\mathfrak' in version `bold'
(Font)                  U/euf/m/n --> U/euf/b/n on input line 106.
)
(C:\Users\turker.erbasi\AppData\Local\Programs\MiKTeX\tex/latex/amsmath\amsmath
.sty
Package: amsmath 2020/09/23 v2.17i AMS math features
\@mathmargin=\skip49

For additional information on amsmath, use the `?' option.

(C:\Users\turker.erbasi\AppData\Local\Programs\MiKTeX\tex/latex/amsmath\amstext
.sty
Package: amstext 2000/06/29 v2.01 AMS text

(C:\Users\turker.erbasi\AppData\Local\Programs\MiKTeX\tex/latex/amsmath\amsgen.
sty
File: amsgen.sty 1999/11/30 v2.0 generic functions
\@emptytoks=\toks18
\ex@=\dimen140
))
(C:\Users\turker.erbasi\AppData\Local\Programs\MiKTeX\tex/latex/amsmath\amsbsy.
sty
Package: amsbsy 1999/11/29 v1.2d Bold Symbols
\pmbraise@=\dimen141
)
(C:\Users\turker.erbasi\AppData\Local\Programs\MiKTeX\tex/latex/amsmath\amsopn.
sty
Package: amsopn 2016/03/08 v2.02 operator names
)
\inf@bad=\count190
LaTeX Info: Redefining \frac on input line 234.
\uproot@=\count191
\leftroot@=\count192
LaTeX Info: Redefining \overline on input line 399.
\classnum@=\count193
\DOTSCASE@=\count194
LaTeX Info: Redefining \ldots on input line 496.
LaTeX Info: Redefining \dots on input line 499.
LaTeX Info: Redefining \cdots on input line 620.
\Mathstrutbox@=\box47
\strutbox@=\box48
\big@size=\dimen142
LaTeX Font Info:    Redeclaring font encoding OML on input line 743.
LaTeX Font Info:    Redeclaring font encoding OMS on input line 744.
\macc@depth=\count195
\c@MaxMatrixCols=\count196
\dotsspace@=\muskip16
\c@parentequation=\count197
\dspbrk@lvl=\count198
\tag@help=\toks19
\row@=\count199
\column@=\count266
\maxfields@=\count267
\andhelp@=\toks20
\eqnshift@=\dimen143
\alignsep@=\dimen144
\tagshift@=\dimen145
\tagwidth@=\dimen146
\totwidth@=\dimen147
\lineht@=\dimen148
\@envbody=\toks21
\multlinegap=\skip50
\multlinetaggap=\skip51
\mathdisplay@stack=\toks22
LaTeX Info: Redefining \[ on input line 2923.
LaTeX Info: Redefining \] on input line 2924.
)
(C:\Users\turker.erbasi\AppData\Local\Programs\MiKTeX\tex/latex/amsfonts\amssym
b.sty
Package: amssymb 2013/01/14 v3.01 AMS font symbols
)
(C:\Users\turker.erbasi\AppData\Local\Programs\MiKTeX\tex/latex/booktabs\bookta
bs.sty
Package: booktabs 2020/01/12 v1.61803398 Publication quality tables
\heavyrulewidth=\dimen149
\lightrulewidth=\dimen150
\cmidrulewidth=\dimen151
\belowrulesep=\dimen152
\belowbottomsep=\dimen153
\aboverulesep=\dimen154
\abovetopsep=\dimen155
\cmidrulesep=\dimen156
\cmidrulekern=\dimen157
\defaultaddspace=\dimen158
\@cmidla=\count268
\@cmidlb=\count269
\@aboverulesep=\dimen159
\@belowrulesep=\dimen160
\@thisruleclass=\count270
\@lastruleclass=\count271
\@thisrulewidth=\dimen161
)
(C:\Users\turker.erbasi\AppData\Local\Programs\MiKTeX\tex/latex/graphics\graphi
cx.sty
Package: graphicx 2020/09/09 v1.2b Enhanced LaTeX Graphics (DPC,SPQR)

(C:\Users\turker.erbasi\AppData\Local\Programs\MiKTeX\tex/latex/graphics\keyval
.sty
Package: keyval 2014/10/28 v1.15 key=value parser (DPC)
\KV@toks@=\toks23
)
(C:\Users\turker.erbasi\AppData\Local\Programs\MiKTeX\tex/latex/graphics\graphi
cs.sty
Package: graphics 2020/08/30 v1.4c Standard LaTeX Graphics (DPC,SPQR)

(C:\Users\turker.erbasi\AppData\Local\Programs\MiKTeX\tex/latex/graphics\trig.s
ty
Package: trig 2016/01/03 v1.10 sin cos tan (DPC)
)
(C:\Users\turker.erbasi\AppData\Local\Programs\MiKTeX\tex/latex/graphics-cfg\gr
aphics.cfg
File: graphics.cfg 2016/06/04 v1.11 sample graphics configuration
)
Package graphics Info: Driver file: pdftex.def on input line 105.

(C:\Users\turker.erbasi\AppData\Local\Programs\MiKTeX\tex/latex/graphics-def\pd
ftex.def
File: pdftex.def 2020/10/05 v1.2a Graphics/color driver for pdftex
))
\Gin@req@height=\dimen162
\Gin@req@width=\dimen163
)
(C:\Users\turker.erbasi\AppData\Local\Programs\MiKTeX\tex/latex/anysize\anysize
.sty
Package: anysize 1994/08/13 setting margin sizes

document style option `anysize' loaded
Michael Salzenberg, Thomas Esser, Dirk Hillbrecht
Version 1.0, Aug 13, 1994
\@Leftmargin=\dimen164
\@Rightmargin=\dimen165
\@Topmargin=\dimen166
\@Bottommargin=\dimen167
)
(C:\Users\turker.erbasi\AppData\Local\Programs\MiKTeX\tex/latex/setspace\setspa
ce.sty
Package: setspace 2022/12/04 v6.7b set line spacing
)
(C:\Users\turker.erbasi\AppData\Local\Programs\MiKTeX\tex/latex/hyperref\hyperr
ef.sty
Package: hyperref 2020-05-15 v7.00e Hypertext links for LaTeX

(C:\Users\turker.erbasi\AppData\Local\Programs\MiKTeX\tex/generic/ltxcmds\ltxcm
ds.sty
Package: ltxcmds 2020-05-10 v1.25 LaTeX kernel commands for general use (HO)
)
(C:\Users\turker.erbasi\AppData\Local\Programs\MiKTeX\tex/generic/pdftexcmds\pd
ftexcmds.sty
Package: pdftexcmds 2020-06-27 v0.33 Utility functions of pdfTeX for LuaTeX (HO
)

(C:\Users\turker.erbasi\AppData\Local\Programs\MiKTeX\tex/generic/infwarerr\inf
warerr.sty
Package: infwarerr 2019/12/03 v1.5 Providing info/warning/error messages (HO)
)
Package pdftexcmds Info: \pdf@primitive is available.
Package pdftexcmds Info: \pdf@ifprimitive is available.
Package pdftexcmds Info: \pdfdraftmode found.
)
(C:\Users\turker.erbasi\AppData\Local\Programs\MiKTeX\tex/latex/kvsetkeys\kvset
keys.sty
Package: kvsetkeys 2022-10-05 v1.19 Key value parser (HO)
)
(C:\Users\turker.erbasi\AppData\Local\Programs\MiKTeX\tex/generic/kvdefinekeys\
kvdefinekeys.sty
Package: kvdefinekeys 2019-12-19 v1.6 Define keys (HO)
)
(C:\Users\turker.erbasi\AppData\Local\Programs\MiKTeX\tex/generic/pdfescape\pdf
escape.sty
Package: pdfescape 2019/12/09 v1.15 Implements pdfTeX's escape features (HO)
)
(C:\Users\turker.erbasi\AppData\Local\Programs\MiKTeX\tex/latex/hycolor\hycolor
.sty
Package: hycolor 2020-01-27 v1.10 Color options for hyperref/bookmark (HO)
)
(C:\Users\turker.erbasi\AppData\Local\Programs\MiKTeX\tex/latex/letltxmacro\let
ltxmacro.sty
Package: letltxmacro 2019/12/03 v1.6 Let assignment for LaTeX macros (HO)
)
(C:\Users\turker.erbasi\AppData\Local\Programs\MiKTeX\tex/latex/auxhook\auxhook
.sty
Package: auxhook 2019-12-17 v1.6 Hooks for auxiliary files (HO)
)
(C:\Users\turker.erbasi\AppData\Local\Programs\MiKTeX\tex/latex/kvoptions\kvopt
ions.sty
Package: kvoptions 2022-06-15 v3.15 Key value format for package options (HO)
)
\@linkdim=\dimen168
\Hy@linkcounter=\count272
\Hy@pagecounter=\count273

(C:\Users\turker.erbasi\AppData\Local\Programs\MiKTeX\tex/latex/hyperref\pd1enc
.def
File: pd1enc.def 2020-05-15 v7.00e Hyperref: PDFDocEncoding definition (HO)
Now handling font encoding PD1 ...
... no UTF-8 mapping file for font encoding PD1
)
(C:\Users\turker.erbasi\AppData\Local\Programs\MiKTeX\tex/generic/intcalc\intca
lc.sty
Package: intcalc 2019/12/15 v1.3 Expandable calculations with integers (HO)
)
(C:\Users\turker.erbasi\AppData\Local\Programs\MiKTeX\tex/generic/etexcmds\etex
cmds.sty
Package: etexcmds 2019/12/15 v1.7 Avoid name clashes with e-TeX commands (HO)
)
\Hy@SavedSpaceFactor=\count274
Package hyperref Info: Option `unicode' set `true' on input line 4338.

(C:\Users\turker.erbasi\AppData\Local\Programs\MiKTeX\tex/latex/hyperref\puenc.
def
File: puenc.def 2020-05-15 v7.00e Hyperref: PDF Unicode definition (HO)
Now handling font encoding PU ...
... no UTF-8 mapping file for font encoding PU
)
Package hyperref Info: Hyper figures OFF on input line 4464.
Package hyperref Info: Link nesting OFF on input line 4469.
Package hyperref Info: Hyper index ON on input line 4472.
Package hyperref Info: Plain pages OFF on input line 4479.
Package hyperref Info: Backreferencing OFF on input line 4484.
Package hyperref Info: Implicit mode ON; LaTeX internals redefined.
Package hyperref Info: Bookmarks ON on input line 4717.
\c@Hy@tempcnt=\count275

(C:\Users\turker.erbasi\AppData\Local\Programs\MiKTeX\tex/latex/url\url.sty
\Urlmuskip=\muskip17
Package: url 2013/09/16  ver 3.4  Verb mode for urls, etc.
)
LaTeX Info: Redefining \url on input line 5076.
\XeTeXLinkMargin=\dimen169

(C:\Users\turker.erbasi\AppData\Local\Programs\MiKTeX\tex/generic/bitset\bitset
.sty
Package: bitset 2019/12/09 v1.3 Handle bit-vector datatype (HO)

(C:\Users\turker.erbasi\AppData\Local\Programs\MiKTeX\tex/generic/bigintcalc\bi
gintcalc.sty
Package: bigintcalc 2019/12/15 v1.5 Expandable calculations on big integers (HO
)
))
\Fld@menulength=\count276
\Field@Width=\dimen170
\Fld@charsize=\dimen171
Package hyperref Info: Hyper figures OFF on input line 6347.
Package hyperref Info: Link nesting OFF on input line 6352.
Package hyperref Info: Hyper index ON on input line 6355.
Package hyperref Info: backreferencing OFF on input line 6362.
Package hyperref Info: Link coloring OFF on input line 6367.
Package hyperref Info: Link coloring with OCG OFF on input line 6372.
Package hyperref Info: PDF/A mode OFF on input line 6377.
LaTeX Info: Redefining \ref on input line 6417.
LaTeX Info: Redefining \pageref on input line 6421.

(C:\Users\turker.erbasi\AppData\Local\Programs\MiKTeX\tex/latex/base\atbegshi-l
tx.sty
Package: atbegshi-ltx 2020/08/17 v1.0a Emulation of the original atbegshi packa
ge
with kernel methods
)
\Hy@abspage=\count277
\c@Item=\count278
\c@Hfootnote=\count279
)
Package hyperref Info: Driver (autodetected): hpdftex.

(C:\Users\turker.erbasi\AppData\Local\Programs\MiKTeX\tex/latex/hyperref\hpdfte
x.def
File: hpdftex.def 2020-05-15 v7.00e Hyperref driver for pdfTeX

(C:\Users\turker.erbasi\AppData\Local\Programs\MiKTeX\tex/latex/base\atveryend-
ltx.sty
Package: atveryend-ltx 2020/08/19 v1.0a Emulation of the original atvery packag
e
with kernel methods
)
\Fld@listcount=\count280
\c@bookmark@seq@number=\count281

(C:\Users\turker.erbasi\AppData\Local\Programs\MiKTeX\tex/latex/rerunfilecheck\
rerunfilecheck.sty
Package: rerunfilecheck 2022-07-10 v1.10 Rerun checks for auxiliary files (HO)

(C:\Users\turker.erbasi\AppData\Local\Programs\MiKTeX\tex/generic/uniquecounter
\uniquecounter.sty
Package: uniquecounter 2019/12/15 v1.4 Provide unlimited unique counter (HO)
)
Package uniquecounter Info: New unique counter `rerunfilecheck' on input line 2
85.
)
\Hy@SectionHShift=\skip52
)
(C:\Users\turker.erbasi\AppData\Local\Programs\MiKTeX\tex/latex/xcolor\xcolor.s
ty
Package: xcolor 2016/05/11 v2.12 LaTeX color extensions (UK)

(C:\Users\turker.erbasi\AppData\Local\Programs\MiKTeX\tex/latex/graphics-cfg\co
lor.cfg
File: color.cfg 2016/01/02 v1.6 sample color configuration
)
Package xcolor Info: Driver file: pdftex.def on input line 225.
Package xcolor Info: Model `cmy' substituted by `cmy0' on input line 1348.
Package xcolor Info: Model `hsb' substituted by `rgb' on input line 1352.
Package xcolor Info: Model `RGB' extended on input line 1364.
Package xcolor Info: Model `HTML' substituted by `rgb' on input line 1366.
Package xcolor Info: Model `Hsb' substituted by `hsb' on input line 1367.
Package xcolor Info: Model `tHsb' substituted by `hsb' on input line 1368.
Package xcolor Info: Model `HSB' substituted by `hsb' on input line 1369.
Package xcolor Info: Model `Gray' substituted by `gray' on input line 1370.
Package xcolor Info: Model `wave' substituted by `hsb' on input line 1371.
)
(C:\Users\turker.erbasi\AppData\Local\Programs\MiKTeX\tex/latex/listings\listin
gs.sty
\lst@mode=\count282
\lst@gtempboxa=\box49
\lst@token=\toks24
\lst@length=\count283
\lst@currlwidth=\dimen172
\lst@column=\count284
\lst@pos=\count285
\lst@lostspace=\dimen173
\lst@width=\dimen174
\lst@newlines=\count286
\lst@lineno=\count287
\lst@maxwidth=\dimen175

(C:\Users\turker.erbasi\AppData\Local\Programs\MiKTeX\tex/latex/listings\lstmis
c.sty
File: lstmisc.sty 2020/03/24 1.8d (Carsten Heinz)
\c@lstnumber=\count288
\lst@skipnumbers=\count289
\lst@framebox=\box50
)
(C:\Users\turker.erbasi\AppData\Local\Programs\MiKTeX\tex/latex/listings\listin
gs.cfg
File: listings.cfg 2020/03/24 1.8d listings configuration
))
Package: listings 2020/03/24 1.8d (Carsten Heinz)

(C:\Users\turker.erbasi\AppData\Local\Programs\MiKTeX\tex/latex/ntheorem\ntheor
em.sty
Style `ntheorem', Version 1.33 <2011/08/15>
Package: ntheorem 2011/08/15 1.33

(C:\Users\turker.erbasi\AppData\Local\Programs\MiKTeX\tex/latex/base\ifthen.sty
Package: ifthen 2014/09/29 v1.1c Standard LaTeX ifthen package (DPC)
)
\theorem@style=\toks25
\theorem@@style=\toks26
\theorembodyfont=\toks27
\theoremnumbering=\toks28
\theorempreskipamount=\skip53
\theorempostskipamount=\skip54
\theoremframepreskipamount=\skip55
\theoremframepostskipamount=\skip56
\theoreminframepreskipamount=\skip57
\theoreminframepostskipamount=\skip58
\theorem@preskip=\toks29
\theorem@postskip=\toks30
\theorem@framepreskip=\toks31
\theorem@framepostskip=\toks32
\theorem@inframepreskip=\toks33
\theorem@inframepostskip=\toks34
\theoremindent=\dimen176
\theorem@indent=\dimen177
\theoremrightindent=\dimen178
\theorem@rightindent=\dimen179
\theoremheaderfont=\toks35
\theoremseparator=\toks36
\theoremprework=\toks37
\theorempostwork=\toks38
\theoremsymbol=\toks39
\qedsymbol=\toks40
\theoremkeyword=\toks41
\qedsymbol=\toks42
\thm@topsep=\skip59
\thm@topsepadd=\skip60
Package ntheorem Info: Option `thmmarks' loaded on input line 1175.
\c@endNonectr=\count290
\c@currNonectr=\count291
\mysavskip=\skip61
Package ntheorem Info: option `amsmath' handling for `thmmarks' loaded on input
 line 1175.
\thm@amstmpdepth=\dimen180
\tagwidth=\dimen181
)
(C:\Users\turker.erbasi\AppData\Local\Programs\MiKTeX\tex/latex/caption\caption
.sty
Package: caption 2022/03/01 v3.6b Customizing captions (AR)

(C:\Users\turker.erbasi\AppData\Local\Programs\MiKTeX\tex/latex/caption\caption
3.sty
Package: caption3 2022/03/17 v2.3b caption3 kernel (AR)
\caption@tempdima=\dimen182
\captionmargin=\dimen183
\caption@leftmargin=\dimen184
\caption@rightmargin=\dimen185
\caption@width=\dimen186
\caption@indent=\dimen187
\caption@parindent=\dimen188
\caption@hangindent=\dimen189
Package caption Info: Standard document class detected.
Package caption Info: hungarian babel package is loaded.
)
\c@caption@flags=\count292
\c@continuedfloat=\count293
Package caption Info: hungarian babel package is loaded.
Package caption Info: hyperref package is loaded.
Package caption Info: listings package is loaded.
)
(C:\Users\turker.erbasi\AppData\Local\Programs\MiKTeX\tex/latex/natbib\natbib.s
ty
Package: natbib 2010/09/13 8.31b (PWD, AO)
\bibhang=\skip62
\bibsep=\skip63
LaTeX Info: Redefining \cite on input line 694.
\c@NAT@ctr=\count294
))
(C:\Users\turker.erbasi\AppData\Local\Programs\MiKTeX\tex/latex/latex-tools\xsp
ace.sty
Package: xspace 2014/10/28 v1.13 Space after command names (DPC,MH)
) (include/thesis-en.tex) (include/preamble.tex
Package hyperref Info: Option `unicode' set `true' on input line 39.
Package hyperref Info: Option `pdfnewwindow' set `true' on input line 39.
Package hyperref Info: Option `colorlinks' set `true' on input line 39.
\c@currexamplectr=\count295
\c@endexamplectr=\count296
\c@example=\count297
\c@currdefinitionctr=\count298
\c@enddefinitionctr=\count299
\c@definition=\count300
\c@currtheoremctr=\count301
\c@endtheoremctr=\count302
\c@theorem=\count303
)
LaTeX Font Info:    Trying to load font information for T1+lmr on input line 32
.

(C:\Users\turker.erbasi\AppData\Local\Programs\MiKTeX\tex/latex/lm\t1lmr.fd
File: t1lmr.fd 2009/10/30 v1.6 Font defs for Latin Modern
)
(C:\Users\turker.erbasi\AppData\Local\Programs\MiKTeX\tex/latex/l3backend\l3bac
kend-pdftex.def
File: l3backend-pdftex.def 2021-01-09 L3 backend support: PDF output (pdfTeX)
\l__kernel_color_stack_int=\count304
\l__pdf_internal_box=\box51
) (thesis.aux (include/project.aux) (include/titlepage.aux)
(include/declaration.aux) (content/acknowledgement.aux) (content/abstract.aux)
(content/symbol-list.aux) (content/introduction.aux)
(content/lpv-model-stability.aux) (content/epas-lpv-model.aux)
(content/epas-lpv-affine-lyapunov.aux)
(content/epas-lpv-quadratic-stability.aux) (content/conclusion.aux)
(content/appendices.aux))
\openout1 = `thesis.aux'.

LaTeX Font Info:    Checking defaults for OML/cmm/m/it on input line 32.
LaTeX Font Info:    ... okay on input line 32.
LaTeX Font Info:    Checking defaults for OMS/cmsy/m/n on input line 32.
LaTeX Font Info:    ... okay on input line 32.
LaTeX Font Info:    Checking defaults for OT1/cmr/m/n on input line 32.
LaTeX Font Info:    ... okay on input line 32.
LaTeX Font Info:    Checking defaults for T1/cmr/m/n on input line 32.
LaTeX Font Info:    ... okay on input line 32.
LaTeX Font Info:    Checking defaults for TS1/cmr/m/n on input line 32.
LaTeX Font Info:    ... okay on input line 32.
LaTeX Font Info:    Checking defaults for OMX/cmex/m/n on input line 32.
LaTeX Font Info:    ... okay on input line 32.
LaTeX Font Info:    Checking defaults for U/cmr/m/n on input line 32.
LaTeX Font Info:    ... okay on input line 32.
LaTeX Font Info:    Checking defaults for PD1/pdf/m/n on input line 32.
LaTeX Font Info:    ... okay on input line 32.
LaTeX Font Info:    Checking defaults for PU/pdf/m/n on input line 32.
LaTeX Font Info:    ... okay on input line 32.


LaTeX Warning: Please use \usepackage[latin2]{inputenc}
               or \usepackage[utf8]{inputenc}
               with \usepackage[magyar]{babel}.


(C:\Users\turker.erbasi\AppData\Local\Programs\MiKTeX\tex/context/base/mkii\sup
p-pdf.mkii
[Loading MPS to PDF converter (version 2006.09.02).]
\scratchcounter=\count305
\scratchdimen=\dimen190
\scratchbox=\box52
\nofMPsegments=\count306
\nofMParguments=\count307
\everyMPshowfont=\toks43
\MPscratchCnt=\count308
\MPscratchDim=\dimen191
\MPnumerator=\count309
\makeMPintoPDFobject=\count310
\everyMPtoPDFconversion=\toks44
)
(C:\Users\turker.erbasi\AppData\Local\Programs\MiKTeX\tex/latex/epstopdf-pkg\ep
stopdf-base.sty
Package: epstopdf-base 2020-01-24 v2.11 Base part for package epstopdf
Package epstopdf-base Info: Redefining graphics rule for `.eps' on input line 4
85.
)
Package hyperref Info: Link coloring ON on input line 32.

(C:\Users\turker.erbasi\AppData\Local\Programs\MiKTeX\tex/latex/hyperref\namere
f.sty
Package: nameref 2019/09/16 v2.46 Cross-referencing by name of section

(C:\Users\turker.erbasi\AppData\Local\Programs\MiKTeX\tex/latex/refcount\refcou
nt.sty
Package: refcount 2019/12/15 v3.6 Data extraction from label references (HO)
)
(C:\Users\turker.erbasi\AppData\Local\Programs\MiKTeX\tex/generic/gettitlestrin
g\gettitlestring.sty
Package: gettitlestring 2019/12/15 v1.6 Cleanup title references (HO)
)
\c@section@level=\count311
)
LaTeX Info: Redefining \ref on input line 32.
LaTeX Info: Redefining \pageref on input line 32.
LaTeX Info: Redefining \nameref on input line 32.
 (thesis.out) (thesis.out)
\@outlinefile=\write3
\openout3 = `thesis.out'.

\c@lstlisting=\count312
Package caption Info: Begin \AtBeginDocument code.
Package caption Info: End \AtBeginDocument code.

(C:\Users\turker.erbasi\AppData\Local\Programs\MiKTeX\tex/latex/base\report.cls
LaTeX Info: Redefining \cal on input line 577.
LaTeX Info: Redefining \mit on input line 578.
)
\openout2 = `include/project.aux'.

 (include/project.tex
<figures/tk_logo.png, id=127, 947.79094pt x 195.73125pt>
File: figures/tk_logo.png Graphic file (type png)
<use figures/tk_logo.png>
Package pdftex.def Info: figures/tk_logo.png  used on input line 7.
(pdftex.def)             Requested size: 128.0374pt x 26.44049pt.
) [1




{C:/Users/turker.erbasi/AppData/Local/MiKTeX/pdftex/config/pdftex.map} <./figur
es/tk_logo.png>]
\openout2 = `include/titlepage.aux'.

 (include/titlepage.tex
Package hyperref Info: Option `pageanchor' set `false' on input line 1.
<figures/bme_logo.pdf, id=141, 705.63625pt x 188.705pt>
File: figures/bme_logo.pdf Graphic file (type pdf)
<use figures/bme_logo.pdf>
Package pdftex.def Info: figures/bme_logo.pdf  used on input line 7.
(pdftex.def)             Requested size: 170.71652pt x 45.65292pt.
File: figures/tk_logo.png Graphic file (type png)
<use figures/tk_logo.png>
Package pdftex.def Info: figures/tk_logo.png  used on input line 9.
(pdftex.def)             Requested size: 170.71652pt x 35.25398pt.
LaTeX Font Info:    Trying to load font information for OT1+lmr on input line 1
1.

(C:\Users\turker.erbasi\AppData\Local\Programs\MiKTeX\tex/latex/lm\ot1lmr.fd
File: ot1lmr.fd 2009/10/30 v1.6 Font defs for Latin Modern
)
LaTeX Font Info:    Trying to load font information for OML+lmm on input line 1
1.

(C:\Users\turker.erbasi\AppData\Local\Programs\MiKTeX\tex/latex/lm\omllmm.fd
File: omllmm.fd 2009/10/30 v1.6 Font defs for Latin Modern
)
LaTeX Font Info:    Trying to load font information for OMS+lmsy on input line 
11.

(C:\Users\turker.erbasi\AppData\Local\Programs\MiKTeX\tex/latex/lm\omslmsy.fd
File: omslmsy.fd 2009/10/30 v1.6 Font defs for Latin Modern
)
LaTeX Font Info:    Trying to load font information for OMX+lmex on input line 
11.

(C:\Users\turker.erbasi\AppData\Local\Programs\MiKTeX\tex/latex/lm\omxlmex.fd
File: omxlmex.fd 2009/10/30 v1.6 Font defs for Latin Modern
)
LaTeX Font Info:    External font `lmex10' loaded for size
(Font)              <10.95> on input line 11.
LaTeX Font Info:    External font `lmex10' loaded for size
(Font)              <8> on input line 11.
LaTeX Font Info:    External font `lmex10' loaded for size
(Font)              <6> on input line 11.
LaTeX Font Info:    Trying to load font information for U+msa on input line 11.


(C:\Users\turker.erbasi\AppData\Local\Programs\MiKTeX\tex/latex/amsfonts\umsa.f
d
File: umsa.fd 2013/01/14 v3.01 AMS symbols A
)
LaTeX Font Info:    Trying to load font information for U+msb on input line 11.


(C:\Users\turker.erbasi\AppData\Local\Programs\MiKTeX\tex/latex/amsfonts\umsb.f
d
File: umsb.fd 2013/01/14 v3.01 AMS symbols B
)
<figures/vik_logo.png, id=142, 417.81094pt x 417.81094pt>
File: figures/vik_logo.png Graphic file (type png)
<use figures/vik_logo.png>
Package pdftex.def Info: figures/vik_logo.png  used on input line 11.
(pdftex.def)             Requested size: 68.2866pt x 68.28555pt.
<figures/iit_logo.png, id=143, 300.3722pt x 301.125pt>
File: figures/iit_logo.png Graphic file (type png)
<use figures/iit_logo.png>
Package pdftex.def Info: figures/iit_logo.png  used on input line 13.
(pdftex.def)             Requested size: 45.5244pt x 45.63547pt.
 [1



 <./figures/bme_logo.pdf> <./figures/vik_logo.png> <./figures/iit_logo.png>]
Package hyperref Info: Option `pageanchor' set `false' on input line 39.
) (thesis.toc [1



])
\tf@toc=\write4
\openout4 = `thesis.toc'.

 [2]
\openout2 = `include/declaration.aux'.

 (include/declaration.tex [1

])
\openout2 = `content/acknowledgement.aux'.


(content/acknowledgement.tex
\c@romanPage=\count313
) [1





]
\openout2 = `content/abstract.aux'.

 (content/abstract.tex [2




]) [3

]
\openout2 = `content/symbol-list.aux'.


(content/symbol-list.tex [4




]) [5

]
\openout2 = `content/introduction.aux'.

 (content/introduction.tex
Chapter 1.
) [1




]
\openout2 = `content/lpv-model-stability.aux'.

 (content/lpv-model-stability.tex
Chapter 2.
[2




] [3]
LaTeX Font Info:    Trying to load font information for TS1+lmr on input line 9
7.

(C:\Users\turker.erbasi\AppData\Local\Programs\MiKTeX\tex/latex/lm\ts1lmr.fd
File: ts1lmr.fd 2009/10/30 v1.6 Font defs for Latin Modern
)
[4] [5]
Package hyperref Info: bookmark level for unknown definition defaults to 0 on i
nput line 211.
) [6]
\openout2 = `content/epas-lpv-model.aux'.

 (content/epas-lpv-model.tex
Chapter 3.
<figures/parpas_model.png, id=300, 963.6pt x 542.025pt>
File: figures/parpas_model.png Graphic file (type png)
<use figures/parpas_model.png>
Package pdftex.def Info: figures/parpas_model.png  used on input line 31.
(pdftex.def)             Requested size: 298.75394pt x 168.04254pt.
[7




]
<figures/red_lin_model.png, id=309, 963.6pt x 542.025pt>
File: figures/red_lin_model.png Graphic file (type png)
<use figures/red_lin_model.png>
Package pdftex.def Info: figures/red_lin_model.png  used on input line 75.
(pdftex.def)             Requested size: 284.52756pt x 160.04485pt.
) [8 <./figures/parpas_model.png>] [9 <./figures/red_lin_model.png>]
\openout2 = `content/epas-lpv-affine-lyapunov.aux'.


(content/epas-lpv-affine-lyapunov.tex
Chapter 4.
) [10




]
\openout2 = `content/epas-lpv-quadratic-stability.aux'.

 (content/epas-lpv-quadratic-stability.tex
Chapter 5.
) [11




]
\openout2 = `content/conclusion.aux'.

 (content/conclusion.tex
Chapter 6.
) [12




] (thesis.lof)
\tf@lof=\write5
\openout5 = `thesis.lof'.

 [13



] (thesis.lot)
\tf@lot=\write6
\openout6 = `thesis.lot'.

 [14

]
\openout2 = `content/appendices.aux'.

 (content/appendices.tex [15


]
[16] [17]
<figures/TeXstudio.png, id=390, 1002.74625pt x 799.98875pt>
File: figures/TeXstudio.png Graphic file (type png)
<use figures/TeXstudio.png>
Package pdftex.def Info: figures/TeXstudio.png  used on input line 192.
(pdftex.def)             Requested size: 426.79134pt x 340.4973pt.
) [18

 <./figures/TeXstudio.png (PNG copy)>] (thesis.bbl
LaTeX Font Info:    Trying to load font information for T1+lmtt on input line 2
4.

(C:\Users\turker.erbasi\AppData\Local\Programs\MiKTeX\tex/latex/lm\t1lmtt.fd
File: t1lmtt.fd 2009/10/30 v1.6 Font defs for Latin Modern
))
\tf@thm=\write7
\openout7 = `thesis.thm'.


[19



] (thesis.aux (include/project.aux) (include/titlepage.aux)
(include/declaration.aux) (content/acknowledgement.aux) (content/abstract.aux)
(content/symbol-list.aux) (content/introduction.aux)
(content/lpv-model-stability.aux) (content/epas-lpv-model.aux)
(content/epas-lpv-affine-lyapunov.aux)
(content/epas-lpv-quadratic-stability.aux) (content/conclusion.aux)
(content/appendices.aux))
Package rerunfilecheck Info: File `thesis.out' has not changed.
(rerunfilecheck)             Checksum: 899442BE2F89ECA9C5BD8868B75E3FC8;5058.
 ) 
Here is how much of TeX's memory you used:
 15820 strings out of 479618
 243818 string characters out of 2861226
 555808 words of memory out of 3000000
 32531 multiletter control sequences out of 15000+200000
 463277 words of font info for 62 fonts, out of 3000000 for 9000
 1145 hyphenation exceptions out of 8191
 76i,18n,77p,954b,539s stack positions out of 5000i,500n,10000p,200000b,50000s
{C:/Users/turker.erbasi/AppData/Local/Programs/MiKTeX/fonts/enc/dvips/lm/lm-e
c.enc}{C:/Users/turker.erbasi/AppData/Local/Programs/MiKTeX/fonts/enc/dvips/lm/
lm-mathex.enc}{C:/Users/turker.erbasi/AppData/Local/Programs/MiKTeX/fonts/enc/d
vips/lm/lm-rm.enc}{C:/Users/turker.erbasi/AppData/Local/Programs/MiKTeX/fonts/e
nc/dvips/lm/lm-mathit.enc}{C:/Users/turker.erbasi/AppData/Local/Programs/MiKTeX
/fonts/enc/dvips/lm/lm-ts1.enc}{C:/Users/turker.erbasi/AppData/Local/Programs/M
iKTeX/fonts/enc/dvips/lm/lm-mathsy.enc}<C:/Users/turker.erbasi/AppData/Local/Pr
ograms/MiKTeX/fonts/type1/public/lm/lmbx10.pfb><C:/Users/turker.erbasi/AppData/
Local/Programs/MiKTeX/fonts/type1/public/lm/lmbx12.pfb><C:/Users/turker.erbasi/
AppData/Local/Programs/MiKTeX/fonts/type1/public/lm/lmcsc10.pfb><C:/Users/turke
r.erbasi/AppData/Local/Programs/MiKTeX/fonts/type1/public/lm/lmex10.pfb><C:/Use
rs/turker.erbasi/AppData/Local/Programs/MiKTeX/fonts/type1/public/lm/lmmi10.pfb
><C:/Users/turker.erbasi/AppData/Local/Programs/MiKTeX/fonts/type1/public/lm/lm
mi6.pfb><C:/Users/turker.erbasi/AppData/Local/Programs/MiKTeX/fonts/type1/publi
c/lm/lmmi8.pfb><C:/Users/turker.erbasi/AppData/Local/Programs/MiKTeX/fonts/type
1/public/lm/lmr10.pfb><C:/Users/turker.erbasi/AppData/Local/Programs/MiKTeX/fon
ts/type1/public/lm/lmr12.pfb><C:/Users/turker.erbasi/AppData/Local/Programs/MiK
TeX/fonts/type1/public/lm/lmr6.pfb><C:/Users/turker.erbasi/AppData/Local/Progra
ms/MiKTeX/fonts/type1/public/lm/lmr8.pfb><C:/Users/turker.erbasi/AppData/Local/
Programs/MiKTeX/fonts/type1/public/lm/lmri10.pfb><C:/Users/turker.erbasi/AppDat
a/Local/Programs/MiKTeX/fonts/type1/public/lm/lmsy10.pfb><C:/Users/turker.erbas
i/AppData/Local/Programs/MiKTeX/fonts/type1/public/lm/lmsy8.pfb><C:/Users/turke
r.erbasi/AppData/Local/Programs/MiKTeX/fonts/type1/public/lm/lmtl10.pfb><C:/Use
rs/turker.erbasi/AppData/Local/Programs/MiKTeX/fonts/type1/public/amsfonts/symb
ols/msbm10.pfb>
Output written on thesis.pdf (29 pages, 842866 bytes).
PDF statistics:
 485 PDF objects out of 1000 (max. 8388607)
 110 named destinations out of 1000 (max. 500000)
 284 words of extra memory for PDF output out of 10000 (max. 10000000)

