This is XeTeX, Version 3.14159265-2.6-0.999992 (MiKTeX 21.1) (preloaded format=xelatex 2023.1.24)  1 FEB 2023 16:26
entering extended mode
**./epas-lpv-quadratic-stability.tex
(epas-lpv-quadratic-stability.tex
LaTeX2e <2020-10-01> patch level 4
L3 programming layer <2021-01-09> xparse <2020-03-03>
! Undefined control sequence.
l.2 \chapter
            {\bevezetes}
The control sequence at the end of the top line
of your error message was never \def'ed. If you have
misspelled it (e.g., `\hobx'), type `I' and the correct
spelling (e.g., `I\hbox'). Otherwise just continue,
and I'll forget about whatever was undefined.

! Undefined control sequence.
l.2 \chapter{\bevezetes
                       }
The control sequence at the end of the top line
of your error message was never \def'ed. If you have
misspelled it (e.g., `\hobx'), type `I' and the correct
spelling (e.g., `I\hbox'). Otherwise just continue,
and I'll forget about whatever was undefined.

)
! Emergency stop.
<*> ./epas-lpv-quadratic-stability.tex
                                      
*** (job aborted, no legal \end found)

 
Here is how much of TeX's memory you used:
 16 strings out of 412016
 409 string characters out of 2843288
 279545 words of memory out of 3000000
 19808 multiletter control sequences out of 15000+200000
 403430 words of font info for 27 fonts, out of 3000000 for 9000
 1348 hyphenation exceptions out of 8191
 13i,0n,15p,143b,10s stack positions out of 5000i,500n,10000p,200000b,50000s
No pages of output.
